0 info it worked if it ends with ok
1 verbose cli [ 'node',
1 verbose cli   '/usr/local/bin/npm',
1 verbose cli   'install',
1 verbose cli   '-g',
1 verbose cli   'express-generator' ]
2 info using npm@1.2.18
3 info using node@v0.10.5
4 verbose read json /usr/local/lib/package.json
5 verbose read json /usr/local/lib/package.json
6 verbose cache add [ 'express-generator', null ]
7 verbose cache add name=undefined spec="express-generator" args=["express-generator",null]
8 verbose parsed url { protocol: null,
8 verbose parsed url   slashes: null,
8 verbose parsed url   auth: null,
8 verbose parsed url   host: null,
8 verbose parsed url   port: null,
8 verbose parsed url   hostname: null,
8 verbose parsed url   hash: null,
8 verbose parsed url   search: null,
8 verbose parsed url   query: null,
8 verbose parsed url   pathname: 'express-generator',
8 verbose parsed url   path: 'express-generator',
8 verbose parsed url   href: 'express-generator' }
9 silly lockFile 198a68d8-express-generator express-generator
10 verbose lock express-generator /Users/kjartanjonsson/.npm/198a68d8-express-generator.lock
11 silly lockFile 198a68d8-express-generator express-generator
12 silly lockFile 198a68d8-express-generator express-generator
13 verbose addNamed [ 'express-generator', '' ]
14 verbose addNamed [ null, '' ]
15 silly lockFile bd41e3d3-express-generator express-generator@
16 verbose lock express-generator@ /Users/kjartanjonsson/.npm/bd41e3d3-express-generator.lock
17 silly addNameRange { name: 'express-generator', range: '', hasData: false }
18 verbose url raw express-generator
19 verbose url resolving [ 'https://registry.npmjs.org/', './express-generator' ]
20 verbose url resolved https://registry.npmjs.org/express-generator
21 info trying registry request attempt 1 at 08:03:03
22 http GET https://registry.npmjs.org/express-generator
23 http 200 https://registry.npmjs.org/express-generator
24 silly registry.get cb [ 200,
24 silly registry.get   { date: 'Thu, 27 Mar 2014 08:03:04 GMT',
24 silly registry.get     server: 'CouchDB/1.5.0 (Erlang OTP/R14B04)',
24 silly registry.get     etag: '"9EV2H8A6SP2O0JUFK2T847PUH"',
24 silly registry.get     'content-type': 'application/json',
24 silly registry.get     via: '1.1 varnish',
24 silly registry.get     'cache-control': 'max-age=1',
24 silly registry.get     'content-length': '5786',
24 silly registry.get     'accept-ranges': 'bytes',
24 silly registry.get     age: '1598',
24 silly registry.get     'x-served-by': 'cache-v36-ASH, cache-fra1224-FRA',
24 silly registry.get     'x-cache': 'MISS, MISS',
24 silly registry.get     'x-cache-hits': '0, 0',
24 silly registry.get     'x-timer': 'S1395905786.334970713,VS0,VS-295,VE-289,VE1597918',
24 silly registry.get     vary: 'Accept',
24 silly registry.get     'keep-alive': 'timeout=10, max=50',
24 silly registry.get     connection: 'Keep-Alive' } ]
25 silly addNameRange number 2 { name: 'express-generator', range: '', hasData: true }
26 silly addNameRange versions [ 'express-generator', [ '1.0.0', '3.0.0' ] ]
27 verbose addNamed [ 'express-generator', '3.0.0' ]
28 verbose addNamed [ '3.0.0', '3.0.0' ]
29 silly lockFile 87fea477-express-generator-3-0-0 express-generator@3.0.0
30 verbose lock express-generator@3.0.0 /Users/kjartanjonsson/.npm/87fea477-express-generator-3-0-0.lock
31 silly lockFile 89e0cc8e-ator-express-generator-3-0-0-tgz https://registry.npmjs.org/express-generator/-/express-generator-3.0.0.tgz
32 verbose lock https://registry.npmjs.org/express-generator/-/express-generator-3.0.0.tgz /Users/kjartanjonsson/.npm/89e0cc8e-ator-express-generator-3-0-0-tgz.lock
33 verbose addRemoteTarball [ 'https://registry.npmjs.org/express-generator/-/express-generator-3.0.0.tgz',
33 verbose addRemoteTarball   'af5477afca63318a210aa3e832d194c6f2f5cfec' ]
34 info retry fetch attempt 1 at 08:03:04
35 verbose fetch to= /var/folders/19/89r40nz523b709fwv1xpm7x80000gp/T/npm-21581/1395907384575-0.04957249388098717/tmp.tgz
36 http GET https://registry.npmjs.org/express-generator/-/express-generator-3.0.0.tgz
37 http 200 https://registry.npmjs.org/express-generator/-/express-generator-3.0.0.tgz
38 silly shasum updated bytes 5160
39 info shasum af5477afca63318a210aa3e832d194c6f2f5cfec
39 info shasum /var/folders/19/89r40nz523b709fwv1xpm7x80000gp/T/npm-21581/1395907384575-0.04957249388098717/tmp.tgz
40 verbose tar unpack /var/folders/19/89r40nz523b709fwv1xpm7x80000gp/T/npm-21581/1395907384575-0.04957249388098717/tmp.tgz
41 silly lockFile 1bba3de8-4575-0-04957249388098717-package /var/folders/19/89r40nz523b709fwv1xpm7x80000gp/T/npm-21581/1395907384575-0.04957249388098717/package
42 verbose lock /var/folders/19/89r40nz523b709fwv1xpm7x80000gp/T/npm-21581/1395907384575-0.04957249388098717/package /Users/kjartanjonsson/.npm/1bba3de8-4575-0-04957249388098717-package.lock
43 silly lockFile 6356e4cb-4575-0-04957249388098717-tmp-tgz /var/folders/19/89r40nz523b709fwv1xpm7x80000gp/T/npm-21581/1395907384575-0.04957249388098717/tmp.tgz
44 verbose lock /var/folders/19/89r40nz523b709fwv1xpm7x80000gp/T/npm-21581/1395907384575-0.04957249388098717/tmp.tgz /Users/kjartanjonsson/.npm/6356e4cb-4575-0-04957249388098717-tmp-tgz.lock
45 silly gunzTarPerm modes [ '755', '644' ]
46 silly gunzTarPerm extractEntry package.json
47 silly gunzTarPerm extractEntry .npmignore
48 silly gunzTarPerm extractEntry README.md
49 silly gunzTarPerm extractEntry LICENSE
50 silly gunzTarPerm extractEntry bin/express
51 silly gunzTarPerm extractEntry templates/css/style.css
52 silly gunzTarPerm extractEntry templates/css/style.less
53 silly gunzTarPerm extractEntry templates/css/style.scss
54 silly gunzTarPerm extractEntry templates/css/style.styl
55 silly gunzTarPerm extractEntry templates/ejs/error.ejs
56 silly gunzTarPerm extractEntry templates/ejs/index.ejs
57 silly gunzTarPerm extractEntry templates/hogan/error.hjs
58 silly gunzTarPerm extractEntry templates/hogan/index.hjs
59 silly gunzTarPerm extractEntry templates/jade/error.jade
60 silly gunzTarPerm extractEntry templates/jade/index.jade
61 silly gunzTarPerm extractEntry templates/jade/layout.jade
62 silly gunzTarPerm extractEntry templates/js/app.js
63 silly gunzTarPerm extractEntry templates/js/routes/index.js
64 silly gunzTarPerm extractEntry templates/js/routes/user.js
65 silly gunzTarPerm extractEntry templates/js/www
66 verbose read json /var/folders/19/89r40nz523b709fwv1xpm7x80000gp/T/npm-21581/1395907384575-0.04957249388098717/package/package.json
67 silly lockFile 1bba3de8-4575-0-04957249388098717-package /var/folders/19/89r40nz523b709fwv1xpm7x80000gp/T/npm-21581/1395907384575-0.04957249388098717/package
68 silly lockFile 1bba3de8-4575-0-04957249388098717-package /var/folders/19/89r40nz523b709fwv1xpm7x80000gp/T/npm-21581/1395907384575-0.04957249388098717/package
69 silly lockFile 6356e4cb-4575-0-04957249388098717-tmp-tgz /var/folders/19/89r40nz523b709fwv1xpm7x80000gp/T/npm-21581/1395907384575-0.04957249388098717/tmp.tgz
70 silly lockFile 6356e4cb-4575-0-04957249388098717-tmp-tgz /var/folders/19/89r40nz523b709fwv1xpm7x80000gp/T/npm-21581/1395907384575-0.04957249388098717/tmp.tgz
71 verbose from cache /var/folders/19/89r40nz523b709fwv1xpm7x80000gp/T/npm-21581/1395907384575-0.04957249388098717/package/package.json
72 verbose tar pack [ '/Users/kjartanjonsson/.npm/express-generator/3.0.0/package.tgz',
72 verbose tar pack   '/var/folders/19/89r40nz523b709fwv1xpm7x80000gp/T/npm-21581/1395907384575-0.04957249388098717/package' ]
73 verbose tarball /Users/kjartanjonsson/.npm/express-generator/3.0.0/package.tgz
74 verbose folder /var/folders/19/89r40nz523b709fwv1xpm7x80000gp/T/npm-21581/1395907384575-0.04957249388098717/package
75 silly lockFile 1bba3de8-4575-0-04957249388098717-package /var/folders/19/89r40nz523b709fwv1xpm7x80000gp/T/npm-21581/1395907384575-0.04957249388098717/package
76 verbose lock /var/folders/19/89r40nz523b709fwv1xpm7x80000gp/T/npm-21581/1395907384575-0.04957249388098717/package /Users/kjartanjonsson/.npm/1bba3de8-4575-0-04957249388098717-package.lock
77 silly lockFile 56addab3-ress-generator-3-0-0-package-tgz /Users/kjartanjonsson/.npm/express-generator/3.0.0/package.tgz
78 verbose lock /Users/kjartanjonsson/.npm/express-generator/3.0.0/package.tgz /Users/kjartanjonsson/.npm/56addab3-ress-generator-3-0-0-package-tgz.lock
79 silly lockFile 1bba3de8-4575-0-04957249388098717-package /var/folders/19/89r40nz523b709fwv1xpm7x80000gp/T/npm-21581/1395907384575-0.04957249388098717/package
80 silly lockFile 1bba3de8-4575-0-04957249388098717-package /var/folders/19/89r40nz523b709fwv1xpm7x80000gp/T/npm-21581/1395907384575-0.04957249388098717/package
81 silly lockFile 56addab3-ress-generator-3-0-0-package-tgz /Users/kjartanjonsson/.npm/express-generator/3.0.0/package.tgz
82 silly lockFile 56addab3-ress-generator-3-0-0-package-tgz /Users/kjartanjonsson/.npm/express-generator/3.0.0/package.tgz
83 silly lockFile 8de3bc5e--express-generator-3-0-0-package /Users/kjartanjonsson/.npm/express-generator/3.0.0/package
84 verbose lock /Users/kjartanjonsson/.npm/express-generator/3.0.0/package /Users/kjartanjonsson/.npm/8de3bc5e--express-generator-3-0-0-package.lock
85 silly lockFile 8de3bc5e--express-generator-3-0-0-package /Users/kjartanjonsson/.npm/express-generator/3.0.0/package
86 silly lockFile 8de3bc5e--express-generator-3-0-0-package /Users/kjartanjonsson/.npm/express-generator/3.0.0/package
87 verbose tar unpack /Users/kjartanjonsson/.npm/express-generator/3.0.0/package.tgz
88 silly lockFile 8de3bc5e--express-generator-3-0-0-package /Users/kjartanjonsson/.npm/express-generator/3.0.0/package
89 verbose lock /Users/kjartanjonsson/.npm/express-generator/3.0.0/package /Users/kjartanjonsson/.npm/8de3bc5e--express-generator-3-0-0-package.lock
90 silly lockFile 56addab3-ress-generator-3-0-0-package-tgz /Users/kjartanjonsson/.npm/express-generator/3.0.0/package.tgz
91 verbose lock /Users/kjartanjonsson/.npm/express-generator/3.0.0/package.tgz /Users/kjartanjonsson/.npm/56addab3-ress-generator-3-0-0-package-tgz.lock
92 silly gunzTarPerm modes [ '755', '644' ]
93 silly gunzTarPerm extractEntry package.json
94 silly gunzTarPerm extractEntry .npmignore
95 silly gunzTarPerm extractEntry README.md
96 silly gunzTarPerm extractEntry LICENSE
97 silly gunzTarPerm extractEntry bin/express
98 silly gunzTarPerm extractEntry templates/css/style.css
99 silly gunzTarPerm extractEntry templates/css/style.less
100 silly gunzTarPerm extractEntry templates/css/style.scss
101 silly gunzTarPerm extractEntry templates/css/style.styl
102 silly gunzTarPerm extractEntry templates/ejs/error.ejs
103 silly gunzTarPerm extractEntry templates/ejs/index.ejs
104 silly gunzTarPerm extractEntry templates/hogan/error.hjs
105 silly gunzTarPerm extractEntry templates/hogan/index.hjs
106 silly gunzTarPerm extractEntry templates/jade/error.jade
107 silly gunzTarPerm extractEntry templates/jade/index.jade
108 silly gunzTarPerm extractEntry templates/jade/layout.jade
109 silly gunzTarPerm extractEntry templates/js/app.js
110 silly gunzTarPerm extractEntry templates/js/routes/index.js
111 silly gunzTarPerm extractEntry templates/js/routes/user.js
112 silly gunzTarPerm extractEntry templates/js/www
113 verbose read json /Users/kjartanjonsson/.npm/express-generator/3.0.0/package/package.json
114 silly lockFile 8de3bc5e--express-generator-3-0-0-package /Users/kjartanjonsson/.npm/express-generator/3.0.0/package
115 silly lockFile 8de3bc5e--express-generator-3-0-0-package /Users/kjartanjonsson/.npm/express-generator/3.0.0/package
116 silly lockFile 56addab3-ress-generator-3-0-0-package-tgz /Users/kjartanjonsson/.npm/express-generator/3.0.0/package.tgz
117 silly lockFile 56addab3-ress-generator-3-0-0-package-tgz /Users/kjartanjonsson/.npm/express-generator/3.0.0/package.tgz
118 silly shasum updated bytes 5158
119 info shasum e9aa574bdbf02298ab2596b4a58399eff1687553
119 info shasum /Users/kjartanjonsson/.npm/express-generator/3.0.0/package.tgz
120 verbose from cache /Users/kjartanjonsson/.npm/express-generator/3.0.0/package/package.json
121 verbose chmod /Users/kjartanjonsson/.npm/express-generator/3.0.0/package.tgz 644
122 verbose chown /Users/kjartanjonsson/.npm/express-generator/3.0.0/package.tgz [ 502, 20 ]
123 silly lockFile 89e0cc8e-ator-express-generator-3-0-0-tgz https://registry.npmjs.org/express-generator/-/express-generator-3.0.0.tgz
124 silly lockFile 89e0cc8e-ator-express-generator-3-0-0-tgz https://registry.npmjs.org/express-generator/-/express-generator-3.0.0.tgz
125 silly lockFile 87fea477-express-generator-3-0-0 express-generator@3.0.0
126 silly lockFile 87fea477-express-generator-3-0-0 express-generator@3.0.0
127 silly lockFile bd41e3d3-express-generator express-generator@
128 silly lockFile bd41e3d3-express-generator express-generator@
129 silly resolved [ { name: 'express-generator',
129 silly resolved     description: 'Express\' application generator',
129 silly resolved     version: '3.0.0',
129 silly resolved     author: { name: 'TJ Holowaychuk', email: 'tj@vision-media.ca' },
129 silly resolved     contributors: [ [Object], [Object], [Object], [Object] ],
129 silly resolved     dependencies: { commander: '1.3.2', mkdirp: '0.3.5' },
129 silly resolved     keywords:
129 silly resolved      [ 'express',
129 silly resolved        'framework',
129 silly resolved        'sinatra',
129 silly resolved        'web',
129 silly resolved        'rest',
129 silly resolved        'restful',
129 silly resolved        'router',
129 silly resolved        'app',
129 silly resolved        'api' ],
129 silly resolved     repository: { type: 'git', url: 'git://github.com/expressjs/generator' },
129 silly resolved     main: 'bin/express',
129 silly resolved     bin: { express: './bin/express' },
129 silly resolved     engines: { node: '>= 0.8.0' },
129 silly resolved     readme: '[![express logo](http://f.cl.ly/items/0V2S1n0K1i3y1c122g04/Screen%20Shot%202012-04-11%20at%209.59.42%20AM.png)](http://expressjs.com/)\n\n  Fast, unopinionated, minimalist web framework for [node](http://nodejs.org).\n\n  [![Gittip](http://img.shields.io/gittip/visionmedia.png)](https://www.gittip.com/visionmedia/)\n\n## Installation\n\n    $ npm install -g express\n\n## Quick Start\n\n The quickest way to get started with express is to utilize the executable `express(1)` to generate an application as shown below:\n\n Create the app:\n\n    $ npm install -g express\n    $ express /tmp/foo && cd /tmp/foo\n\n Install dependencies:\n\n    $ npm install\n\n## License\n\n(The MIT License)\n\nCopyright (c) 2009-2012 TJ Holowaychuk &lt;tj@vision-media.ca&gt;\n\nPermission is hereby granted, free of charge, to any person obtaining\na copy of this software and associated documentation files (the\n\'Software\'), to deal in the Software without restriction, including\nwithout limitation the rights to use, copy, modify, merge, publish,\ndistribute, sublicense, and/or sell copies of the Software, and to\npermit persons to whom the Software is furnished to do so, subject to\nthe following conditions:\n\nThe above copyright notice and this permission notice shall be\nincluded in all copies or substantial portions of the Software.\n\nTHE SOFTWARE IS PROVIDED \'AS IS\', WITHOUT WARRANTY OF ANY KIND,\nEXPRESS OR IMPLIED, INCLUDING BUT NOT LIMITED TO THE WARRANTIES OF\nMERCHANTABILITY, FITNESS FOR A PARTICULAR PURPOSE AND NONINFRINGEMENT.\nIN NO EVENT SHALL THE AUTHORS OR COPYRIGHT HOLDERS BE LIABLE FOR ANY\nCLAIM, DAMAGES OR OTHER LIABILITY, WHETHER IN AN ACTION OF CONTRACT,\nTORT OR OTHERWISE, ARISING FROM, OUT OF OR IN CONNECTION WITH THE\nSOFTWARE OR THE USE OR OTHER DEALINGS IN THE SOFTWARE.\n',
129 silly resolved     readmeFilename: 'README.md',
129 silly resolved     _id: 'express-generator@3.0.0',
129 silly resolved     dist: { shasum: 'e9aa574bdbf02298ab2596b4a58399eff1687553' },
129 silly resolved     _from: 'express-generator@',
129 silly resolved     _resolved: 'https://registry.npmjs.org/express-generator/-/express-generator-3.0.0.tgz' } ]
130 info install express-generator@3.0.0 into /usr/local/lib
131 info installOne express-generator@3.0.0
132 verbose from cache /Users/kjartanjonsson/.npm/express-generator/3.0.0/package/package.json
133 info /usr/local/lib/node_modules/express-generator unbuild
134 verbose read json /usr/local/lib/node_modules/express-generator/package.json
135 verbose tar unpack /Users/kjartanjonsson/.npm/express-generator/3.0.0/package.tgz
136 silly lockFile d3cc1706-b-node-modules-express-generator /usr/local/lib/node_modules/express-generator
137 verbose lock /usr/local/lib/node_modules/express-generator /Users/kjartanjonsson/.npm/d3cc1706-b-node-modules-express-generator.lock
138 silly lockFile 56addab3-ress-generator-3-0-0-package-tgz /Users/kjartanjonsson/.npm/express-generator/3.0.0/package.tgz
139 verbose lock /Users/kjartanjonsson/.npm/express-generator/3.0.0/package.tgz /Users/kjartanjonsson/.npm/56addab3-ress-generator-3-0-0-package-tgz.lock
140 silly gunzTarPerm modes [ '755', '644' ]
141 silly gunzTarPerm extractEntry package.json
142 silly gunzTarPerm extractEntry .npmignore
143 silly gunzTarPerm extractEntry README.md
144 silly gunzTarPerm extractEntry LICENSE
145 silly gunzTarPerm extractEntry bin/express
146 silly gunzTarPerm extractEntry templates/css/style.css
147 silly gunzTarPerm extractEntry templates/css/style.less
148 silly gunzTarPerm extractEntry templates/css/style.scss
149 silly gunzTarPerm extractEntry templates/css/style.styl
150 silly gunzTarPerm extractEntry templates/ejs/error.ejs
151 silly gunzTarPerm extractEntry templates/ejs/index.ejs
152 silly gunzTarPerm extractEntry templates/hogan/error.hjs
153 silly gunzTarPerm extractEntry templates/hogan/index.hjs
154 silly gunzTarPerm extractEntry templates/jade/error.jade
155 silly gunzTarPerm extractEntry templates/jade/index.jade
156 silly gunzTarPerm extractEntry templates/jade/layout.jade
157 silly gunzTarPerm extractEntry templates/js/app.js
158 silly gunzTarPerm extractEntry templates/js/routes/index.js
159 silly gunzTarPerm extractEntry templates/js/routes/user.js
160 silly gunzTarPerm extractEntry templates/js/www
161 verbose read json /usr/local/lib/node_modules/express-generator/package.json
162 silly lockFile d3cc1706-b-node-modules-express-generator /usr/local/lib/node_modules/express-generator
163 silly lockFile d3cc1706-b-node-modules-express-generator /usr/local/lib/node_modules/express-generator
164 silly lockFile 56addab3-ress-generator-3-0-0-package-tgz /Users/kjartanjonsson/.npm/express-generator/3.0.0/package.tgz
165 silly lockFile 56addab3-ress-generator-3-0-0-package-tgz /Users/kjartanjonsson/.npm/express-generator/3.0.0/package.tgz
166 info preinstall express-generator@3.0.0
167 verbose from cache /usr/local/lib/node_modules/express-generator/package.json
168 verbose readDependencies using package.json deps
169 verbose from cache /usr/local/lib/node_modules/express-generator/package.json
170 verbose readDependencies using package.json deps
171 verbose cache add [ 'commander@1.3.2', null ]
172 verbose cache add name=undefined spec="commander@1.3.2" args=["commander@1.3.2",null]
173 verbose parsed url { protocol: null,
173 verbose parsed url   slashes: null,
173 verbose parsed url   auth: null,
173 verbose parsed url   host: null,
173 verbose parsed url   port: null,
173 verbose parsed url   hostname: null,
173 verbose parsed url   hash: null,
173 verbose parsed url   search: null,
173 verbose parsed url   query: null,
173 verbose parsed url   pathname: 'commander@1.3.2',
173 verbose parsed url   path: 'commander@1.3.2',
173 verbose parsed url   href: 'commander@1.3.2' }
174 verbose cache add name="commander" spec="1.3.2" args=["commander","1.3.2"]
175 verbose parsed url { protocol: null,
175 verbose parsed url   slashes: null,
175 verbose parsed url   auth: null,
175 verbose parsed url   host: null,
175 verbose parsed url   port: null,
175 verbose parsed url   hostname: null,
175 verbose parsed url   hash: null,
175 verbose parsed url   search: null,
175 verbose parsed url   query: null,
175 verbose parsed url   pathname: '1.3.2',
175 verbose parsed url   path: '1.3.2',
175 verbose parsed url   href: '1.3.2' }
176 verbose addNamed [ 'commander', '1.3.2' ]
177 verbose addNamed [ '1.3.2', '1.3.2' ]
178 silly lockFile 2016e061-commander-1-3-2 commander@1.3.2
179 verbose lock commander@1.3.2 /Users/kjartanjonsson/.npm/2016e061-commander-1-3-2.lock
180 verbose cache add [ 'mkdirp@0.3.5', null ]
181 verbose cache add name=undefined spec="mkdirp@0.3.5" args=["mkdirp@0.3.5",null]
182 verbose parsed url { protocol: null,
182 verbose parsed url   slashes: null,
182 verbose parsed url   auth: null,
182 verbose parsed url   host: null,
182 verbose parsed url   port: null,
182 verbose parsed url   hostname: null,
182 verbose parsed url   hash: null,
182 verbose parsed url   search: null,
182 verbose parsed url   query: null,
182 verbose parsed url   pathname: 'mkdirp@0.3.5',
182 verbose parsed url   path: 'mkdirp@0.3.5',
182 verbose parsed url   href: 'mkdirp@0.3.5' }
183 verbose cache add name="mkdirp" spec="0.3.5" args=["mkdirp","0.3.5"]
184 verbose parsed url { protocol: null,
184 verbose parsed url   slashes: null,
184 verbose parsed url   auth: null,
184 verbose parsed url   host: null,
184 verbose parsed url   port: null,
184 verbose parsed url   hostname: null,
184 verbose parsed url   hash: null,
184 verbose parsed url   search: null,
184 verbose parsed url   query: null,
184 verbose parsed url   pathname: '0.3.5',
184 verbose parsed url   path: '0.3.5',
184 verbose parsed url   href: '0.3.5' }
185 verbose addNamed [ 'mkdirp', '0.3.5' ]
186 verbose addNamed [ '0.3.5', '0.3.5' ]
187 silly lockFile 67d2df2a-mkdirp-0-3-5 mkdirp@0.3.5
188 verbose lock mkdirp@0.3.5 /Users/kjartanjonsson/.npm/67d2df2a-mkdirp-0-3-5.lock
189 verbose url raw commander/1.3.2
190 verbose url resolving [ 'https://registry.npmjs.org/', './commander/1.3.2' ]
191 verbose url resolved https://registry.npmjs.org/commander/1.3.2
192 info trying registry request attempt 1 at 08:03:05
193 verbose etag "E9N2F0KRQ7CRA1DTM8YXF9AYY"
194 http GET https://registry.npmjs.org/commander/1.3.2
195 verbose url raw mkdirp/0.3.5
196 verbose url resolving [ 'https://registry.npmjs.org/', './mkdirp/0.3.5' ]
197 verbose url resolved https://registry.npmjs.org/mkdirp/0.3.5
198 info trying registry request attempt 1 at 08:03:05
199 verbose etag "8EJ25SNFKTRAGIQ9TWQRFQ82C"
200 http GET https://registry.npmjs.org/mkdirp/0.3.5
201 http 200 https://registry.npmjs.org/mkdirp/0.3.5
202 silly registry.get cb [ 200,
202 silly registry.get   { date: 'Thu, 27 Mar 2014 08:03:05 GMT',
202 silly registry.get     server: 'CouchDB/1.5.0 (Erlang OTP/R14B04)',
202 silly registry.get     etag: '"1I2D21V23LF3C46D0QYPU4DKH"',
202 silly registry.get     'content-type': 'application/json',
202 silly registry.get     via: '1.1 varnish',
202 silly registry.get     'cache-control': 'max-age=1',
202 silly registry.get     'content-length': '2198',
202 silly registry.get     'accept-ranges': 'bytes',
202 silly registry.get     age: '0',
202 silly registry.get     'x-served-by': 'cache-v43-ASH, cache-fra1226-FRA',
202 silly registry.get     'x-cache': 'HIT, MISS',
202 silly registry.get     'x-cache-hits': '10763, 0',
202 silly registry.get     'x-timer': 'S1395907385.062395811,VS0,VS-50,VE-50,VE100',
202 silly registry.get     vary: 'Accept',
202 silly registry.get     'keep-alive': 'timeout=10, max=50',
202 silly registry.get     connection: 'Keep-Alive' } ]
203 silly lockFile 7b2ebe55-pmjs-org-mkdirp-mkdirp-0-3-5-tgz https://registry.npmjs.org/mkdirp/-/mkdirp-0.3.5.tgz
204 verbose lock https://registry.npmjs.org/mkdirp/-/mkdirp-0.3.5.tgz /Users/kjartanjonsson/.npm/7b2ebe55-pmjs-org-mkdirp-mkdirp-0-3-5-tgz.lock
205 verbose addRemoteTarball [ 'https://registry.npmjs.org/mkdirp/-/mkdirp-0.3.5.tgz',
205 verbose addRemoteTarball   'de3e5f8961c88c787ee1368df849ac4413eca8d7' ]
206 info retry fetch attempt 1 at 08:03:05
207 verbose fetch to= /var/folders/19/89r40nz523b709fwv1xpm7x80000gp/T/npm-21581/1395907385478-0.1982368966564536/tmp.tgz
208 http GET https://registry.npmjs.org/mkdirp/-/mkdirp-0.3.5.tgz
209 http 304 https://registry.npmjs.org/commander/1.3.2
210 silly registry.get cb [ 304,
210 silly registry.get   { date: 'Thu, 27 Mar 2014 08:03:05 GMT',
210 silly registry.get     server: 'Apache',
210 silly registry.get     via: '1.1 varnish',
210 silly registry.get     'last-modified': 'Thu, 27 Mar 2014 08:03:05 GMT',
210 silly registry.get     'cache-control': 'max-age=1',
210 silly registry.get     etag: '"E9N2F0KRQ7CRA1DTM8YXF9AYY"',
210 silly registry.get     'x-served-by': 'cache-fra1222-FRA',
210 silly registry.get     'x-cache': 'HIT',
210 silly registry.get     'x-cache-hits': '1',
210 silly registry.get     'x-timer': 'S1395907385.065533638,VS0,VE111',
210 silly registry.get     vary: 'Accept',
210 silly registry.get     'content-length': '0',
210 silly registry.get     'keep-alive': 'timeout=10, max=50',
210 silly registry.get     connection: 'Keep-Alive' } ]
211 verbose etag commander/1.3.2 from cache
212 verbose read json /Users/kjartanjonsson/.npm/commander/1.3.2/package/package.json
213 silly lockFile 2016e061-commander-1-3-2 commander@1.3.2
214 silly lockFile 2016e061-commander-1-3-2 commander@1.3.2
215 http 200 https://registry.npmjs.org/mkdirp/-/mkdirp-0.3.5.tgz
216 silly shasum updated bytes 4162
217 info shasum de3e5f8961c88c787ee1368df849ac4413eca8d7
217 info shasum /var/folders/19/89r40nz523b709fwv1xpm7x80000gp/T/npm-21581/1395907385478-0.1982368966564536/tmp.tgz
218 verbose tar unpack /var/folders/19/89r40nz523b709fwv1xpm7x80000gp/T/npm-21581/1395907385478-0.1982368966564536/tmp.tgz
219 silly lockFile ae68d0ea-85478-0-1982368966564536-package /var/folders/19/89r40nz523b709fwv1xpm7x80000gp/T/npm-21581/1395907385478-0.1982368966564536/package
220 verbose lock /var/folders/19/89r40nz523b709fwv1xpm7x80000gp/T/npm-21581/1395907385478-0.1982368966564536/package /Users/kjartanjonsson/.npm/ae68d0ea-85478-0-1982368966564536-package.lock
221 silly lockFile b7d03042-85478-0-1982368966564536-tmp-tgz /var/folders/19/89r40nz523b709fwv1xpm7x80000gp/T/npm-21581/1395907385478-0.1982368966564536/tmp.tgz
222 verbose lock /var/folders/19/89r40nz523b709fwv1xpm7x80000gp/T/npm-21581/1395907385478-0.1982368966564536/tmp.tgz /Users/kjartanjonsson/.npm/b7d03042-85478-0-1982368966564536-tmp-tgz.lock
223 silly gunzTarPerm modes [ '755', '644' ]
224 silly gunzTarPerm extractEntry package.json
225 silly gunzTarPerm extractEntry .npmignore
226 silly gunzTarPerm extractEntry LICENSE
227 silly gunzTarPerm extractEntry index.js
228 silly gunzTarPerm extractEntry examples/pow.js
229 silly gunzTarPerm extractEntry readme.markdown
230 silly gunzTarPerm extractEntry test/perm.js
231 silly gunzTarPerm extractEntry test/perm_sync.js
232 silly gunzTarPerm extractEntry test/race.js
233 silly gunzTarPerm extractEntry test/rel.js
234 silly gunzTarPerm extractEntry test/return.js
235 silly gunzTarPerm extractEntry test/clobber.js
236 silly gunzTarPerm extractEntry test/root.js
237 silly gunzTarPerm extractEntry test/umask.js
238 silly gunzTarPerm extractEntry test/sync.js
239 silly gunzTarPerm extractEntry test/chmod.js
240 silly gunzTarPerm extractEntry test/umask_sync.js
241 silly gunzTarPerm extractEntry test/return_sync.js
242 silly gunzTarPerm extractEntry test/mkdirp.js
243 silly gunzTarPerm extractEntry .travis.yml
244 verbose read json /var/folders/19/89r40nz523b709fwv1xpm7x80000gp/T/npm-21581/1395907385478-0.1982368966564536/package/package.json
245 silly lockFile ae68d0ea-85478-0-1982368966564536-package /var/folders/19/89r40nz523b709fwv1xpm7x80000gp/T/npm-21581/1395907385478-0.1982368966564536/package
246 silly lockFile ae68d0ea-85478-0-1982368966564536-package /var/folders/19/89r40nz523b709fwv1xpm7x80000gp/T/npm-21581/1395907385478-0.1982368966564536/package
247 silly lockFile b7d03042-85478-0-1982368966564536-tmp-tgz /var/folders/19/89r40nz523b709fwv1xpm7x80000gp/T/npm-21581/1395907385478-0.1982368966564536/tmp.tgz
248 silly lockFile b7d03042-85478-0-1982368966564536-tmp-tgz /var/folders/19/89r40nz523b709fwv1xpm7x80000gp/T/npm-21581/1395907385478-0.1982368966564536/tmp.tgz
249 verbose from cache /var/folders/19/89r40nz523b709fwv1xpm7x80000gp/T/npm-21581/1395907385478-0.1982368966564536/package/package.json
250 verbose tar pack [ '/Users/kjartanjonsson/.npm/mkdirp/0.3.5/package.tgz',
250 verbose tar pack   '/var/folders/19/89r40nz523b709fwv1xpm7x80000gp/T/npm-21581/1395907385478-0.1982368966564536/package' ]
251 verbose tarball /Users/kjartanjonsson/.npm/mkdirp/0.3.5/package.tgz
252 verbose folder /var/folders/19/89r40nz523b709fwv1xpm7x80000gp/T/npm-21581/1395907385478-0.1982368966564536/package
253 silly lockFile ae68d0ea-85478-0-1982368966564536-package /var/folders/19/89r40nz523b709fwv1xpm7x80000gp/T/npm-21581/1395907385478-0.1982368966564536/package
254 verbose lock /var/folders/19/89r40nz523b709fwv1xpm7x80000gp/T/npm-21581/1395907385478-0.1982368966564536/package /Users/kjartanjonsson/.npm/ae68d0ea-85478-0-1982368966564536-package.lock
255 silly lockFile 800c73af-son-npm-mkdirp-0-3-5-package-tgz /Users/kjartanjonsson/.npm/mkdirp/0.3.5/package.tgz
256 verbose lock /Users/kjartanjonsson/.npm/mkdirp/0.3.5/package.tgz /Users/kjartanjonsson/.npm/800c73af-son-npm-mkdirp-0-3-5-package-tgz.lock
257 silly lockFile ae68d0ea-85478-0-1982368966564536-package /var/folders/19/89r40nz523b709fwv1xpm7x80000gp/T/npm-21581/1395907385478-0.1982368966564536/package
258 silly lockFile ae68d0ea-85478-0-1982368966564536-package /var/folders/19/89r40nz523b709fwv1xpm7x80000gp/T/npm-21581/1395907385478-0.1982368966564536/package
259 silly lockFile 800c73af-son-npm-mkdirp-0-3-5-package-tgz /Users/kjartanjonsson/.npm/mkdirp/0.3.5/package.tgz
260 silly lockFile 800c73af-son-npm-mkdirp-0-3-5-package-tgz /Users/kjartanjonsson/.npm/mkdirp/0.3.5/package.tgz
261 silly lockFile 104c61f9-jonsson-npm-mkdirp-0-3-5-package /Users/kjartanjonsson/.npm/mkdirp/0.3.5/package
262 verbose lock /Users/kjartanjonsson/.npm/mkdirp/0.3.5/package /Users/kjartanjonsson/.npm/104c61f9-jonsson-npm-mkdirp-0-3-5-package.lock
263 silly lockFile 104c61f9-jonsson-npm-mkdirp-0-3-5-package /Users/kjartanjonsson/.npm/mkdirp/0.3.5/package
264 silly lockFile 104c61f9-jonsson-npm-mkdirp-0-3-5-package /Users/kjartanjonsson/.npm/mkdirp/0.3.5/package
265 verbose tar unpack /Users/kjartanjonsson/.npm/mkdirp/0.3.5/package.tgz
266 silly lockFile 104c61f9-jonsson-npm-mkdirp-0-3-5-package /Users/kjartanjonsson/.npm/mkdirp/0.3.5/package
267 verbose lock /Users/kjartanjonsson/.npm/mkdirp/0.3.5/package /Users/kjartanjonsson/.npm/104c61f9-jonsson-npm-mkdirp-0-3-5-package.lock
268 silly lockFile 800c73af-son-npm-mkdirp-0-3-5-package-tgz /Users/kjartanjonsson/.npm/mkdirp/0.3.5/package.tgz
269 verbose lock /Users/kjartanjonsson/.npm/mkdirp/0.3.5/package.tgz /Users/kjartanjonsson/.npm/800c73af-son-npm-mkdirp-0-3-5-package-tgz.lock
270 silly gunzTarPerm modes [ '755', '644' ]
271 silly gunzTarPerm extractEntry package.json
272 silly gunzTarPerm extractEntry .npmignore
273 silly gunzTarPerm extractEntry LICENSE
274 silly gunzTarPerm extractEntry index.js
275 silly gunzTarPerm extractEntry .travis.yml
276 silly gunzTarPerm extractEntry examples/pow.js
277 silly gunzTarPerm extractEntry readme.markdown
278 silly gunzTarPerm extractEntry test/chmod.js
279 silly gunzTarPerm extractEntry test/perm.js
280 silly gunzTarPerm extractEntry test/perm_sync.js
281 silly gunzTarPerm extractEntry test/race.js
282 silly gunzTarPerm extractEntry test/mkdirp.js
283 silly gunzTarPerm extractEntry test/return.js
284 silly gunzTarPerm extractEntry test/return_sync.js
285 silly gunzTarPerm extractEntry test/root.js
286 silly gunzTarPerm extractEntry test/sync.js
287 silly gunzTarPerm extractEntry test/umask.js
288 silly gunzTarPerm extractEntry test/clobber.js
289 silly gunzTarPerm extractEntry test/umask_sync.js
290 silly gunzTarPerm extractEntry test/rel.js
291 verbose read json /Users/kjartanjonsson/.npm/mkdirp/0.3.5/package/package.json
292 silly lockFile 104c61f9-jonsson-npm-mkdirp-0-3-5-package /Users/kjartanjonsson/.npm/mkdirp/0.3.5/package
293 silly lockFile 104c61f9-jonsson-npm-mkdirp-0-3-5-package /Users/kjartanjonsson/.npm/mkdirp/0.3.5/package
294 silly lockFile 800c73af-son-npm-mkdirp-0-3-5-package-tgz /Users/kjartanjonsson/.npm/mkdirp/0.3.5/package.tgz
295 silly lockFile 800c73af-son-npm-mkdirp-0-3-5-package-tgz /Users/kjartanjonsson/.npm/mkdirp/0.3.5/package.tgz
296 silly shasum updated bytes 4153
297 info shasum 58427bb6d7fd266de9f1b859740de5be2687ad04
297 info shasum /Users/kjartanjonsson/.npm/mkdirp/0.3.5/package.tgz
298 verbose from cache /Users/kjartanjonsson/.npm/mkdirp/0.3.5/package/package.json
299 verbose chmod /Users/kjartanjonsson/.npm/mkdirp/0.3.5/package.tgz 644
300 verbose chown /Users/kjartanjonsson/.npm/mkdirp/0.3.5/package.tgz [ 502, 20 ]
301 silly lockFile 7b2ebe55-pmjs-org-mkdirp-mkdirp-0-3-5-tgz https://registry.npmjs.org/mkdirp/-/mkdirp-0.3.5.tgz
302 silly lockFile 7b2ebe55-pmjs-org-mkdirp-mkdirp-0-3-5-tgz https://registry.npmjs.org/mkdirp/-/mkdirp-0.3.5.tgz
303 silly lockFile 67d2df2a-mkdirp-0-3-5 mkdirp@0.3.5
304 silly lockFile 67d2df2a-mkdirp-0-3-5 mkdirp@0.3.5
305 silly resolved [ { name: 'commander',
305 silly resolved     version: '1.3.2',
305 silly resolved     description: 'the complete solution for node.js command-line programs',
305 silly resolved     keywords: [ 'command', 'option', 'parser', 'prompt', 'stdin' ],
305 silly resolved     author: { name: 'TJ Holowaychuk', email: 'tj@vision-media.ca' },
305 silly resolved     repository:
305 silly resolved      { type: 'git',
305 silly resolved        url: 'https://github.com/visionmedia/commander.js.git' },
305 silly resolved     dependencies: { keypress: '0.1.x' },
305 silly resolved     devDependencies: { should: '>= 0.0.1' },
305 silly resolved     scripts: { test: 'make test' },
305 silly resolved     main: 'index',
305 silly resolved     engines: { node: '>= 0.6.x' },
305 silly resolved     readme: '# Commander.js\n\n  The complete solution for [node.js](http://nodejs.org) command-line interfaces, inspired by Ruby\'s [commander](https://github.com/visionmedia/commander).\n\n [![Build Status](https://secure.travis-ci.org/visionmedia/commander.js.png)](http://travis-ci.org/visionmedia/commander.js)\n\n## Installation\n\n    $ npm install commander\n\n## Option parsing\n\n Options with commander are defined with the `.option()` method, also serving as documentation for the options. The example below parses args and options from `process.argv`, leaving remaining args as the `program.args` array which were not consumed by options.\n\n```js\n#!/usr/bin/env node\n\n/**\n * Module dependencies.\n */\n\nvar program = require(\'commander\');\n\nprogram\n  .version(\'0.0.1\')\n  .option(\'-p, --peppers\', \'Add peppers\')\n  .option(\'-P, --pineapple\', \'Add pineapple\')\n  .option(\'-b, --bbq\', \'Add bbq sauce\')\n  .option(\'-c, --cheese [type]\', \'Add the specified type of cheese [marble]\', \'marble\')\n  .parse(process.argv);\n\nconsole.log(\'you ordered a pizza with:\');\nif (program.peppers) console.log(\'  - peppers\');\nif (program.pineapple) console.log(\'  - pineapple\');\nif (program.bbq) console.log(\'  - bbq\');\nconsole.log(\'  - %s cheese\', program.cheese);\n```\n\n Short flags may be passed as a single arg, for example `-abc` is equivalent to `-a -b -c`. Multi-word options such as "--template-engine" are camel-cased, becoming `program.templateEngine` etc.\n\n## Automated --help\n\n The help information is auto-generated based on the information commander already knows about your program, so the following `--help` info is for free:\n\n```  \n $ ./examples/pizza --help\n\n   Usage: pizza [options]\n\n   Options:\n\n     -V, --version        output the version number\n     -p, --peppers        Add peppers\n     -P, --pineapple      Add pineapple\n     -b, --bbq            Add bbq sauce\n     -c, --cheese <type>  Add the specified type of cheese [marble]\n     -h, --help           output usage information\n\n```\n\n## Coercion\n\n```js\nfunction range(val) {\n  return val.split(\'..\').map(Number);\n}\n\nfunction list(val) {\n  return val.split(\',\');\n}\n\nprogram\n  .version(\'0.0.1\')\n  .usage(\'[options] <file ...>\')\n  .option(\'-i, --integer <n>\', \'An integer argument\', parseInt)\n  .option(\'-f, --float <n>\', \'A float argument\', parseFloat)\n  .option(\'-r, --range <a>..<b>\', \'A range\', range)\n  .option(\'-l, --list <items>\', \'A list\', list)\n  .option(\'-o, --optional [value]\', \'An optional value\')\n  .parse(process.argv);\n\nconsole.log(\' int: %j\', program.integer);\nconsole.log(\' float: %j\', program.float);\nconsole.log(\' optional: %j\', program.optional);\nprogram.range = program.range || [];\nconsole.log(\' range: %j..%j\', program.range[0], program.range[1]);\nconsole.log(\' list: %j\', program.list);\nconsole.log(\' args: %j\', program.args);\n```\n\n## Custom help\n\n You can display arbitrary `-h, --help` information\n by listening for "--help". Commander will automatically\n exit once you are done so that the remainder of your program\n does not execute causing undesired behaviours, for example\n in the following executable "stuff" will not output when\n `--help` is used.\n\n```js\n#!/usr/bin/env node\n\n/**\n * Module dependencies.\n */\n\nvar program = require(\'../\');\n\nfunction list(val) {\n  return val.split(\',\').map(Number);\n}\n\nprogram\n  .version(\'0.0.1\')\n  .option(\'-f, --foo\', \'enable some foo\')\n  .option(\'-b, --bar\', \'enable some bar\')\n  .option(\'-B, --baz\', \'enable some baz\');\n\n// must be before .parse() since\n// node\'s emit() is immediate\n\nprogram.on(\'--help\', function(){\n  console.log(\'  Examples:\');\n  console.log(\'\');\n  console.log(\'    $ custom-help --help\');\n  console.log(\'    $ custom-help -h\');\n  console.log(\'\');\n});\n\nprogram.parse(process.argv);\n\nconsole.log(\'stuff\');\n```\n\nyielding the following help output:\n\n```\n\nUsage: custom-help [options]\n\nOptions:\n\n  -h, --help     output usage information\n  -V, --version  output the version number\n  -f, --foo      enable some foo\n  -b, --bar      enable some bar\n  -B, --baz      enable some baz\n\nExamples:\n\n  $ custom-help --help\n  $ custom-help -h\n\n```\n\n## .prompt(msg, fn)\n\n Single-line prompt:\n\n```js\nprogram.prompt(\'name: \', function(name){\n  console.log(\'hi %s\', name);\n});\n```\n\n Multi-line prompt:\n\n```js\nprogram.prompt(\'description:\', function(name){\n  console.log(\'hi %s\', name);\n});\n```\n\n Coercion:\n\n```js\nprogram.prompt(\'Age: \', Number, function(age){\n  console.log(\'age: %j\', age);\n});\n```\n\n```js\nprogram.prompt(\'Birthdate: \', Date, function(date){\n  console.log(\'date: %s\', date);\n});\n```\n\n```js\nprogram.prompt(\'Email: \', /^.+@.+\\..+$/, function(email){\n  console.log(\'email: %j\', email);\n});\n```\n\n## .password(msg[, mask], fn)\n\nPrompt for password without echoing:\n\n```js\nprogram.password(\'Password: \', function(pass){\n  console.log(\'got "%s"\', pass);\n  process.stdin.destroy();\n});\n```\n\nPrompt for password with mask char "*":\n\n```js\nprogram.password(\'Password: \', \'*\', function(pass){\n  console.log(\'got "%s"\', pass);\n  process.stdin.destroy();\n});\n```\n\n## .confirm(msg, fn)\n\n Confirm with the given `msg`:\n\n```js\nprogram.confirm(\'continue? \', function(ok){\n  console.log(\' got %j\', ok);\n});\n```\n\n## .choose(list, fn)\n\n Let the user choose from a `list`:\n\n```js\nvar list = [\'tobi\', \'loki\', \'jane\', \'manny\', \'luna\'];\n\nconsole.log(\'Choose the coolest pet:\');\nprogram.choose(list, function(i){\n  console.log(\'you chose %d "%s"\', i, list[i]);\n});\n```\n\n## .outputHelp()\n\n  Output help information without exiting.\n\n## .help()\n\n  Output help information and exit immediately.\n\n## Links\n\n - [API documentation](http://visionmedia.github.com/commander.js/)\n - [ascii tables](https://github.com/LearnBoost/cli-table)\n - [progress bars](https://github.com/visionmedia/node-progress)\n - [more progress bars](https://github.com/substack/node-multimeter)\n - [examples](https://github.com/visionmedia/commander.js/tree/master/examples)\n\n## License \n\n(The MIT License)\n\nCopyright (c) 2011 TJ Holowaychuk &lt;tj@vision-media.ca&gt;\n\nPermission is hereby granted, free of charge, to any person obtaining\na copy of this software and associated documentation files (the\n\'Software\'), to deal in the Software without restriction, including\nwithout limitation the rights to use, copy, modify, merge, publish,\ndistribute, sublicense, and/or sell copies of the Software, and to\npermit persons to whom the Software is furnished to do so, subject to\nthe following conditions:\n\nThe above copyright notice and this permission notice shall be\nincluded in all copies or substantial portions of the Software.\n\nTHE SOFTWARE IS PROVIDED \'AS IS\', WITHOUT WARRANTY OF ANY KIND,\nEXPRESS OR IMPLIED, INCLUDING BUT NOT LIMITED TO THE WARRANTIES OF\nMERCHANTABILITY, FITNESS FOR A PARTICULAR PURPOSE AND NONINFRINGEMENT.\nIN NO EVENT SHALL THE AUTHORS OR COPYRIGHT HOLDERS BE LIABLE FOR ANY\nCLAIM, DAMAGES OR OTHER LIABILITY, WHETHER IN AN ACTION OF CONTRACT,\nTORT OR OTHERWISE, ARISING FROM, OUT OF OR IN CONNECTION WITH THE\nSOFTWARE OR THE USE OR OTHER DEALINGS IN THE SOFTWARE.\n',
305 silly resolved     readmeFilename: 'Readme.md',
305 silly resolved     _id: 'commander@1.3.2',
305 silly resolved     _from: 'commander@1.3.2' },
305 silly resolved   { name: 'mkdirp',
305 silly resolved     description: 'Recursively mkdir, like `mkdir -p`',
305 silly resolved     version: '0.3.5',
305 silly resolved     author:
305 silly resolved      { name: 'James Halliday',
305 silly resolved        email: 'mail@substack.net',
305 silly resolved        url: 'http://substack.net' },
305 silly resolved     main: './index',
305 silly resolved     keywords: [ 'mkdir', 'directory' ],
305 silly resolved     repository:
305 silly resolved      { type: 'git',
305 silly resolved        url: 'http://github.com/substack/node-mkdirp.git' },
305 silly resolved     scripts: { test: 'tap test/*.js' },
305 silly resolved     devDependencies: { tap: '~0.4.0' },
305 silly resolved     license: 'MIT',
305 silly resolved     readme: '# mkdirp\n\nLike `mkdir -p`, but in node.js!\n\n[![build status](https://secure.travis-ci.org/substack/node-mkdirp.png)](http://travis-ci.org/substack/node-mkdirp)\n\n# example\n\n## pow.js\n\n```js\nvar mkdirp = require(\'mkdirp\');\n    \nmkdirp(\'/tmp/foo/bar/baz\', function (err) {\n    if (err) console.error(err)\n    else console.log(\'pow!\')\n});\n```\n\nOutput\n\n```\npow!\n```\n\nAnd now /tmp/foo/bar/baz exists, huzzah!\n\n# methods\n\n```js\nvar mkdirp = require(\'mkdirp\');\n```\n\n## mkdirp(dir, mode, cb)\n\nCreate a new directory and any necessary subdirectories at `dir` with octal\npermission string `mode`.\n\nIf `mode` isn\'t specified, it defaults to `0777 & (~process.umask())`.\n\n`cb(err, made)` fires with the error or the first directory `made`\nthat had to be created, if any.\n\n## mkdirp.sync(dir, mode)\n\nSynchronously create a new directory and any necessary subdirectories at `dir`\nwith octal permission string `mode`.\n\nIf `mode` isn\'t specified, it defaults to `0777 & (~process.umask())`.\n\nReturns the first directory that had to be created, if any.\n\n# install\n\nWith [npm](http://npmjs.org) do:\n\n```\nnpm install mkdirp\n```\n\n# license\n\nMIT\n',
305 silly resolved     readmeFilename: 'readme.markdown',
305 silly resolved     _id: 'mkdirp@0.3.5',
305 silly resolved     dist: { shasum: '58427bb6d7fd266de9f1b859740de5be2687ad04' },
305 silly resolved     _from: 'mkdirp@0.3.5',
305 silly resolved     _resolved: 'https://registry.npmjs.org/mkdirp/-/mkdirp-0.3.5.tgz' } ]
306 info install commander@1.3.2 into /usr/local/lib/node_modules/express-generator
307 info install mkdirp@0.3.5 into /usr/local/lib/node_modules/express-generator
308 info installOne commander@1.3.2
309 info installOne mkdirp@0.3.5
310 verbose from cache /Users/kjartanjonsson/.npm/commander/1.3.2/package/package.json
311 info /usr/local/lib/node_modules/express-generator/node_modules/commander unbuild
312 verbose read json /usr/local/lib/node_modules/express-generator/node_modules/commander/package.json
313 verbose from cache /Users/kjartanjonsson/.npm/mkdirp/0.3.5/package/package.json
314 info /usr/local/lib/node_modules/express-generator/node_modules/mkdirp unbuild
315 verbose read json /usr/local/lib/node_modules/express-generator/node_modules/mkdirp/package.json
316 verbose tar unpack /Users/kjartanjonsson/.npm/commander/1.3.2/package.tgz
317 silly lockFile 5f4b8460-generator-node-modules-commander /usr/local/lib/node_modules/express-generator/node_modules/commander
318 verbose lock /usr/local/lib/node_modules/express-generator/node_modules/commander /Users/kjartanjonsson/.npm/5f4b8460-generator-node-modules-commander.lock
319 silly lockFile 56251ca9--npm-commander-1-3-2-package-tgz /Users/kjartanjonsson/.npm/commander/1.3.2/package.tgz
320 verbose lock /Users/kjartanjonsson/.npm/commander/1.3.2/package.tgz /Users/kjartanjonsson/.npm/56251ca9--npm-commander-1-3-2-package-tgz.lock
321 verbose tar unpack /Users/kjartanjonsson/.npm/mkdirp/0.3.5/package.tgz
322 silly lockFile 69ad5b96-ss-generator-node-modules-mkdirp /usr/local/lib/node_modules/express-generator/node_modules/mkdirp
323 verbose lock /usr/local/lib/node_modules/express-generator/node_modules/mkdirp /Users/kjartanjonsson/.npm/69ad5b96-ss-generator-node-modules-mkdirp.lock
324 silly lockFile 800c73af-son-npm-mkdirp-0-3-5-package-tgz /Users/kjartanjonsson/.npm/mkdirp/0.3.5/package.tgz
325 verbose lock /Users/kjartanjonsson/.npm/mkdirp/0.3.5/package.tgz /Users/kjartanjonsson/.npm/800c73af-son-npm-mkdirp-0-3-5-package-tgz.lock
326 silly gunzTarPerm modes [ '755', '644' ]
327 silly gunzTarPerm modes [ '755', '644' ]
328 silly gunzTarPerm extractEntry package.json
329 silly gunzTarPerm extractEntry package.json
330 silly gunzTarPerm extractEntry index.js
331 silly gunzTarPerm extractEntry History.md
332 silly gunzTarPerm extractEntry Readme.md
333 silly gunzTarPerm extractEntry .npmignore
334 silly gunzTarPerm extractEntry LICENSE
335 silly gunzTarPerm extractEntry index.js
336 silly gunzTarPerm extractEntry .travis.yml
337 silly gunzTarPerm extractEntry examples/pow.js
338 silly gunzTarPerm extractEntry readme.markdown
339 silly gunzTarPerm extractEntry test/chmod.js
340 silly gunzTarPerm extractEntry test/perm.js
341 silly gunzTarPerm extractEntry test/perm_sync.js
342 silly gunzTarPerm extractEntry test/race.js
343 silly gunzTarPerm extractEntry test/mkdirp.js
344 silly gunzTarPerm extractEntry test/return.js
345 silly gunzTarPerm extractEntry test/return_sync.js
346 silly gunzTarPerm extractEntry test/root.js
347 silly gunzTarPerm extractEntry test/sync.js
348 silly gunzTarPerm extractEntry test/umask.js
349 silly gunzTarPerm extractEntry test/clobber.js
350 silly gunzTarPerm extractEntry test/umask_sync.js
351 silly gunzTarPerm extractEntry test/rel.js
352 verbose read json /usr/local/lib/node_modules/express-generator/node_modules/commander/package.json
353 silly lockFile 5f4b8460-generator-node-modules-commander /usr/local/lib/node_modules/express-generator/node_modules/commander
354 silly lockFile 5f4b8460-generator-node-modules-commander /usr/local/lib/node_modules/express-generator/node_modules/commander
355 silly lockFile 56251ca9--npm-commander-1-3-2-package-tgz /Users/kjartanjonsson/.npm/commander/1.3.2/package.tgz
356 silly lockFile 56251ca9--npm-commander-1-3-2-package-tgz /Users/kjartanjonsson/.npm/commander/1.3.2/package.tgz
357 info preinstall commander@1.3.2
358 verbose from cache /usr/local/lib/node_modules/express-generator/node_modules/commander/package.json
359 verbose readDependencies using package.json deps
360 verbose from cache /usr/local/lib/node_modules/express-generator/node_modules/commander/package.json
361 verbose readDependencies using package.json deps
362 verbose cache add [ 'keypress@0.1.x', null ]
363 verbose cache add name=undefined spec="keypress@0.1.x" args=["keypress@0.1.x",null]
364 verbose parsed url { protocol: null,
364 verbose parsed url   slashes: null,
364 verbose parsed url   auth: null,
364 verbose parsed url   host: null,
364 verbose parsed url   port: null,
364 verbose parsed url   hostname: null,
364 verbose parsed url   hash: null,
364 verbose parsed url   search: null,
364 verbose parsed url   query: null,
364 verbose parsed url   pathname: 'keypress@0.1.x',
364 verbose parsed url   path: 'keypress@0.1.x',
364 verbose parsed url   href: 'keypress@0.1.x' }
365 verbose cache add name="keypress" spec="0.1.x" args=["keypress","0.1.x"]
366 verbose parsed url { protocol: null,
366 verbose parsed url   slashes: null,
366 verbose parsed url   auth: null,
366 verbose parsed url   host: null,
366 verbose parsed url   port: null,
366 verbose parsed url   hostname: null,
366 verbose parsed url   hash: null,
366 verbose parsed url   search: null,
366 verbose parsed url   query: null,
366 verbose parsed url   pathname: '0.1.x',
366 verbose parsed url   path: '0.1.x',
366 verbose parsed url   href: '0.1.x' }
367 verbose addNamed [ 'keypress', '0.1.x' ]
368 verbose addNamed [ null, '>=0.1.0- <0.2.0-' ]
369 silly lockFile a3a73622-keypress-0-1-x keypress@0.1.x
370 verbose lock keypress@0.1.x /Users/kjartanjonsson/.npm/a3a73622-keypress-0-1-x.lock
371 silly addNameRange { name: 'keypress', range: '>=0.1.0- <0.2.0-', hasData: false }
372 verbose url raw keypress
373 verbose url resolving [ 'https://registry.npmjs.org/', './keypress' ]
374 verbose url resolved https://registry.npmjs.org/keypress
375 info trying registry request attempt 1 at 08:03:05
376 verbose etag "1LD81EGIA2YFWDQ5AQIMRVFG9"
377 http GET https://registry.npmjs.org/keypress
378 verbose read json /usr/local/lib/node_modules/express-generator/node_modules/mkdirp/package.json
379 silly lockFile 69ad5b96-ss-generator-node-modules-mkdirp /usr/local/lib/node_modules/express-generator/node_modules/mkdirp
380 silly lockFile 69ad5b96-ss-generator-node-modules-mkdirp /usr/local/lib/node_modules/express-generator/node_modules/mkdirp
381 silly lockFile 800c73af-son-npm-mkdirp-0-3-5-package-tgz /Users/kjartanjonsson/.npm/mkdirp/0.3.5/package.tgz
382 silly lockFile 800c73af-son-npm-mkdirp-0-3-5-package-tgz /Users/kjartanjonsson/.npm/mkdirp/0.3.5/package.tgz
383 info preinstall mkdirp@0.3.5
384 verbose from cache /usr/local/lib/node_modules/express-generator/node_modules/mkdirp/package.json
385 verbose readDependencies using package.json deps
386 verbose from cache /usr/local/lib/node_modules/express-generator/node_modules/mkdirp/package.json
387 verbose readDependencies using package.json deps
388 silly resolved []
389 verbose about to build /usr/local/lib/node_modules/express-generator/node_modules/mkdirp
390 info build /usr/local/lib/node_modules/express-generator/node_modules/mkdirp
391 verbose from cache /usr/local/lib/node_modules/express-generator/node_modules/mkdirp/package.json
392 verbose linkStuff [ true,
392 verbose linkStuff   '/usr/local/lib/node_modules',
392 verbose linkStuff   false,
392 verbose linkStuff   '/usr/local/lib/node_modules/express-generator/node_modules' ]
393 info linkStuff mkdirp@0.3.5
394 verbose linkBins mkdirp@0.3.5
395 verbose linkMans mkdirp@0.3.5
396 verbose rebuildBundles mkdirp@0.3.5
397 info install mkdirp@0.3.5
398 info postinstall mkdirp@0.3.5
399 http 304 https://registry.npmjs.org/keypress
400 silly registry.get cb [ 304,
400 silly registry.get   { date: 'Thu, 27 Mar 2014 08:03:05 GMT',
400 silly registry.get     server: 'Apache',
400 silly registry.get     via: '1.1 varnish',
400 silly registry.get     'last-modified': 'Thu, 27 Mar 2014 08:03:05 GMT',
400 silly registry.get     'cache-control': 'max-age=1',
400 silly registry.get     etag: '"1LD81EGIA2YFWDQ5AQIMRVFG9"',
400 silly registry.get     'x-served-by': 'cache-fra1221-FRA',
400 silly registry.get     'x-cache': 'HIT',
400 silly registry.get     'x-cache-hits': '1',
400 silly registry.get     'x-timer': 'S1395907385.801007271,VS0,VE124',
400 silly registry.get     vary: 'Accept',
400 silly registry.get     'content-length': '0',
400 silly registry.get     'keep-alive': 'timeout=10, max=50',
400 silly registry.get     connection: 'Keep-Alive' } ]
401 verbose etag keypress from cache
402 silly addNameRange number 2 { name: 'keypress', range: '>=0.1.0- <0.2.0-', hasData: true }
403 silly addNameRange versions [ 'keypress', [ '0.0.1', '0.0.2', '0.1.0', '0.2.0', '0.2.1' ] ]
404 verbose addNamed [ 'keypress', '0.1.0' ]
405 verbose addNamed [ '0.1.0', '0.1.0' ]
406 silly lockFile 22598b8c-keypress-0-1-0 keypress@0.1.0
407 verbose lock keypress@0.1.0 /Users/kjartanjonsson/.npm/22598b8c-keypress-0-1-0.lock
408 verbose read json /Users/kjartanjonsson/.npm/keypress/0.1.0/package/package.json
409 silly lockFile 22598b8c-keypress-0-1-0 keypress@0.1.0
410 silly lockFile 22598b8c-keypress-0-1-0 keypress@0.1.0
411 silly lockFile a3a73622-keypress-0-1-x keypress@0.1.x
412 silly lockFile a3a73622-keypress-0-1-x keypress@0.1.x
413 silly resolved [ { name: 'keypress',
413 silly resolved     version: '0.1.0',
413 silly resolved     description: 'Make any Node ReadableStream emit "keypress" events',
413 silly resolved     author:
413 silly resolved      { name: 'Nathan Rajlich',
413 silly resolved        email: 'nathan@tootallnate.net',
413 silly resolved        url: 'http://tootallnate.net' },
413 silly resolved     main: 'index.js',
413 silly resolved     scripts: { test: 'echo "Error: no test specified" && exit 1' },
413 silly resolved     repository:
413 silly resolved      { type: 'git',
413 silly resolved        url: 'git://github.com/TooTallNate/keypress.git' },
413 silly resolved     keywords: [ 'keypress', 'readline', 'core' ],
413 silly resolved     license: 'MIT',
413 silly resolved     readme: 'keypress\n========\n### Make any Node ReadableStream emit "keypress" events\n\n\nPrevious to Node `v0.8.x`, there was an undocumented `"keypress"` event that\n`process.stdin` would emit when it was a TTY. Some people discovered this hidden\ngem, and started using it in their own code.\n\nNow in Node `v0.8.x`, this `"keypress"` event does not get emitted by default,\nbut rather only when it is being used in conjuction with the `readline` (or by\nextension, the `repl`) module.\n\nThis module is the exact logic from the node `v0.8.x` releases ripped out into its\nown module.\n\n__Bonus:__ Now with mouse support!\n\nInstallation\n------------\n\nInstall with `npm`:\n\n``` bash\n$ npm install keypress\n```\n\nOr add it to the `"dependencies"` section of your _package.json_ file.\n\n\nExample\n-------\n\n#### Listening for "keypress" events\n\n``` js\nvar keypress = require(\'keypress\');\n\n// make `process.stdin` begin emitting "keypress" events\nkeypress(process.stdin);\n\n// listen for the "keypress" event\nprocess.stdin.on(\'keypress\', function (ch, key) {\n  console.log(\'got "keypress"\', key);\n  if (key && key.ctrl && key.name == \'c\') {\n    process.stdin.pause();\n  }\n});\n\nprocess.stdin.setRawMode(true);\nprocess.stdin.resume();\n```\n\n#### Listening for "mousepress" events\n\n``` js\nvar keypress = require(\'keypress\');\n\n// make `process.stdin` begin emitting "mousepress" (and "keypress") events\nkeypress(process.stdin);\n\n// you must enable the mouse events before they will begin firing\nkeypress.enableMouse(process.stdout);\n\nprocess.stdin.on(\'mousepress\', function (info) {\n  console.log(\'got "mousepress" event at %d x %d\', info.x, info.y);\n});\n\nprocess.on(\'exit\', function () {\n  // disable mouse on exit, so that the state\n  // is back to normal for the terminal\n  keypress.disableMouse(process.stdout);\n});\n```\n\n\nLicense\n-------\n\n(The MIT License)\n\nCopyright (c) 2012 Nathan Rajlich &lt;nathan@tootallnate.net&gt;\n\nPermission is hereby granted, free of charge, to any person obtaining\na copy of this software and associated documentation files (the\n\'Software\'), to deal in the Software without restriction, including\nwithout limitation the rights to use, copy, modify, merge, publish,\ndistribute, sublicense, and/or sell copies of the Software, and to\npermit persons to whom the Software is furnished to do so, subject to\nthe following conditions:\n\nThe above copyright notice and this permission notice shall be\nincluded in all copies or substantial portions of the Software.\n\nTHE SOFTWARE IS PROVIDED \'AS IS\', WITHOUT WARRANTY OF ANY KIND,\nEXPRESS OR IMPLIED, INCLUDING BUT NOT LIMITED TO THE WARRANTIES OF\nMERCHANTABILITY, FITNESS FOR A PARTICULAR PURPOSE AND NONINFRINGEMENT.\nIN NO EVENT SHALL THE AUTHORS OR COPYRIGHT HOLDERS BE LIABLE FOR ANY\nCLAIM, DAMAGES OR OTHER LIABILITY, WHETHER IN AN ACTION OF CONTRACT,\nTORT OR OTHERWISE, ARISING FROM, OUT OF OR IN CONNECTION WITH THE\nSOFTWARE OR THE USE OR OTHER DEALINGS IN THE SOFTWARE.\n',
413 silly resolved     readmeFilename: 'README.md',
413 silly resolved     _id: 'keypress@0.1.0',
413 silly resolved     _from: 'keypress@0.1.x' } ]
414 info install keypress@0.1.0 into /usr/local/lib/node_modules/express-generator/node_modules/commander
415 info installOne keypress@0.1.0
416 verbose from cache /Users/kjartanjonsson/.npm/keypress/0.1.0/package/package.json
417 info /usr/local/lib/node_modules/express-generator/node_modules/commander/node_modules/keypress unbuild
418 verbose read json /usr/local/lib/node_modules/express-generator/node_modules/commander/node_modules/keypress/package.json
419 verbose tar unpack /Users/kjartanjonsson/.npm/keypress/0.1.0/package.tgz
420 silly lockFile 0146d876--commander-node-modules-keypress /usr/local/lib/node_modules/express-generator/node_modules/commander/node_modules/keypress
421 verbose lock /usr/local/lib/node_modules/express-generator/node_modules/commander/node_modules/keypress /Users/kjartanjonsson/.npm/0146d876--commander-node-modules-keypress.lock
422 silly lockFile f9214c47-n-npm-keypress-0-1-0-package-tgz /Users/kjartanjonsson/.npm/keypress/0.1.0/package.tgz
423 verbose lock /Users/kjartanjonsson/.npm/keypress/0.1.0/package.tgz /Users/kjartanjonsson/.npm/f9214c47-n-npm-keypress-0-1-0-package-tgz.lock
424 silly gunzTarPerm modes [ '755', '644' ]
425 silly gunzTarPerm extractEntry package.json
426 silly gunzTarPerm extractEntry README.md
427 silly gunzTarPerm extractEntry index.js
428 silly gunzTarPerm extractEntry test.js
429 verbose read json /usr/local/lib/node_modules/express-generator/node_modules/commander/node_modules/keypress/package.json
430 silly lockFile 0146d876--commander-node-modules-keypress /usr/local/lib/node_modules/express-generator/node_modules/commander/node_modules/keypress
431 silly lockFile 0146d876--commander-node-modules-keypress /usr/local/lib/node_modules/express-generator/node_modules/commander/node_modules/keypress
432 silly lockFile f9214c47-n-npm-keypress-0-1-0-package-tgz /Users/kjartanjonsson/.npm/keypress/0.1.0/package.tgz
433 silly lockFile f9214c47-n-npm-keypress-0-1-0-package-tgz /Users/kjartanjonsson/.npm/keypress/0.1.0/package.tgz
434 info preinstall keypress@0.1.0
435 verbose from cache /usr/local/lib/node_modules/express-generator/node_modules/commander/node_modules/keypress/package.json
436 verbose readDependencies using package.json deps
437 verbose from cache /usr/local/lib/node_modules/express-generator/node_modules/commander/node_modules/keypress/package.json
438 verbose readDependencies using package.json deps
439 silly resolved []
440 verbose about to build /usr/local/lib/node_modules/express-generator/node_modules/commander/node_modules/keypress
441 info build /usr/local/lib/node_modules/express-generator/node_modules/commander/node_modules/keypress
442 verbose from cache /usr/local/lib/node_modules/express-generator/node_modules/commander/node_modules/keypress/package.json
443 verbose linkStuff [ true,
443 verbose linkStuff   '/usr/local/lib/node_modules',
443 verbose linkStuff   false,
443 verbose linkStuff   '/usr/local/lib/node_modules/express-generator/node_modules/commander/node_modules' ]
444 info linkStuff keypress@0.1.0
445 verbose linkBins keypress@0.1.0
446 verbose linkMans keypress@0.1.0
447 verbose rebuildBundles keypress@0.1.0
448 info install keypress@0.1.0
449 info postinstall keypress@0.1.0
450 verbose about to build /usr/local/lib/node_modules/express-generator/node_modules/commander
451 info build /usr/local/lib/node_modules/express-generator/node_modules/commander
452 verbose from cache /usr/local/lib/node_modules/express-generator/node_modules/commander/package.json
453 verbose linkStuff [ true,
453 verbose linkStuff   '/usr/local/lib/node_modules',
453 verbose linkStuff   false,
453 verbose linkStuff   '/usr/local/lib/node_modules/express-generator/node_modules' ]
454 info linkStuff commander@1.3.2
455 verbose linkBins commander@1.3.2
456 verbose linkMans commander@1.3.2
457 verbose rebuildBundles commander@1.3.2
458 verbose rebuildBundles [ 'keypress' ]
459 info install commander@1.3.2
460 info postinstall commander@1.3.2
461 verbose about to build /usr/local/lib/node_modules/express-generator
462 info build /usr/local/lib/node_modules/express-generator
463 verbose from cache /usr/local/lib/node_modules/express-generator/package.json
464 verbose linkStuff [ true,
464 verbose linkStuff   '/usr/local/lib/node_modules',
464 verbose linkStuff   true,
464 verbose linkStuff   '/usr/local/lib/node_modules' ]
465 info linkStuff express-generator@3.0.0
466 verbose linkBins express-generator@3.0.0
467 verbose link bins [ { express: './bin/express' }, '/usr/local/bin', true ]
468 verbose linkMans express-generator@3.0.0
469 verbose rebuildBundles express-generator@3.0.0
470 verbose rebuildBundles [ 'commander', 'mkdirp' ]
471 info /usr/local/lib/node_modules/express-generator unbuild
472 verbose from cache /usr/local/lib/node_modules/express-generator/package.json
473 info preuninstall express-generator@3.0.0
474 info uninstall express-generator@3.0.0
475 verbose true,/usr/local/lib/node_modules,/usr/local/lib/node_modules unbuild express-generator@3.0.0
476 verbose /usr/local/bin,[object Object] binRoot
477 error error rolling back Error: Refusing to delete: /usr/local/bin/express not in /usr/local/lib/node_modules/express-generator
477 error error rolling back     at clobberFail (/usr/local/lib/node_modules/npm/lib/utils/gently-rm.js:41:12)
477 error error rolling back     at next (/usr/local/lib/node_modules/npm/lib/utils/gently-rm.js:27:14)
477 error error rolling back     at /usr/local/lib/node_modules/npm/lib/utils/gently-rm.js:36:12
477 error error rolling back     at Object.oncomplete (fs.js:107:15)
477 error error rolling back  express-generator@3.0.0 { [Error: Refusing to delete: /usr/local/bin/express not in /usr/local/lib/node_modules/express-generator] code: 'EEXIST', path: '/usr/local/bin/express' }
478 error Refusing to delete: /usr/local/bin/express not in /usr/local/lib/node_modules/express-generator
File exists: /usr/local/bin/express
Move it away, and try again.
479 error System Darwin 13.1.0
480 error command "node" "/usr/local/bin/npm" "install" "-g" "express-generator"
481 error cwd /Users/kjartanjonsson/Documents/Workspace/ChildNoteBook/notebook/website
482 error node -v v0.10.5
483 error npm -v 1.2.18
484 error path /usr/local/bin/express
485 error code EEXIST
486 verbose exit [ 1, true ]
